[2022-06-20 10:20:06] local.ERROR: syntax error, unexpected token "<<", expecting ")" {"exception":"[object] (ParseError(code: 0): syntax error, unexpected token \"<<\", expecting \")\" at C:\\wamp64\\www\\VendeurExpress\\bootstrap\\cache\outes-v7.php:27)
[stacktrace]
#0 C:\\wamp64\\www\\VendeurExpress\\vendor\\laravel\\framework\\src\\Illuminate\\Foundation\\Application.php(971): Illuminate\\Foundation\\Support\\Providers\\RouteServiceProvider->Illuminate\\Foundation\\Support\\Providers\\{closure}(Object(Illuminate\\Foundation\\Application))
#1 C:\\wamp64\\www\\VendeurExpress\\vendor\\laravel\\framework\\src\\Illuminate\\Foundation\\Application.php(914): Illuminate\\Foundation\\Application->fireAppCallbacks(Array)
#2 C:\\wamp64\\www\\VendeurExpress\\vendor\\laravel\\framework\\src\\Illuminate\\Foundation\\Bootstrap\\BootProviders.php(17): Illuminate\\Foundation\\Application->boot()
#3 C:\\wamp64\\www\\VendeurExpress\\vendor\\laravel\\framework\\src\\Illuminate\\Foundation\\Application.php(239): Illuminate\\Foundation\\Bootstrap\\BootProviders->bootstrap(Object(Illuminate\\Foundation\\Application))
#4 C:\\wamp64\\www\\VendeurExpress\\vendor\\laravel\\framework\\src\\Illuminate\\Foundation\\Console\\Kernel.php(310): Illuminate\\Foundation\\Application->bootstrapWith(Array)
#5 C:\\wamp64\\www\\VendeurExpress\\vendor\\laravel\\framework\\src\\Illuminate\\Foundation\\Console\\Kernel.php(127): Illuminate\\Foundation\\Console\\Kernel->bootstrap()
#6 C:\\wamp64\\www\\VendeurExpress\\artisan(37): Illuminate\\Foundation\\Console\\Kernel->handle(Object(Symfony\\Component\\Console\\Input\\ArgvInput), Object(Symfony\\Component\\Console\\Output\\ConsoleOutput))
#7 {main}
"} 
[2022-06-20 10:20:37] local.ERROR: syntax error, unexpected token "<<", expecting ")" {"exception":"[object] (ParseError(code: 0): syntax error, unexpected token \"<<\", expecting \")\" at C:\\wamp64\\www\\VendeurExpress\\bootstrap\\cache\outes-v7.php:27)
[stacktrace]
#0 C:\\wamp64\\www\\VendeurExpress\\vendor\\laravel\\framework\\src\\Illuminate\\Foundation\\Application.php(971): Illuminate\\Foundation\\Support\\Providers\\RouteServiceProvider->Illuminate\\Foundation\\Support\\Providers\\{closure}(Object(Illuminate\\Foundation\\Application))
#1 C:\\wamp64\\www\\VendeurExpress\\vendor\\laravel\\framework\\src\\Illuminate\\Foundation\\Application.php(914): Illuminate\\Foundation\\Application->fireAppCallbacks(Array)
#2 C:\\wamp64\\www\\VendeurExpress\\vendor\\laravel\\framework\\src\\Illuminate\\Foundation\\Bootstrap\\BootProviders.php(17): Illuminate\\Foundation\\Application->boot()
#3 C:\\wamp64\\www\\VendeurExpress\\vendor\\laravel\\framework\\src\\Illuminate\\Foundation\\Application.php(239): Illuminate\\Foundation\\Bootstrap\\BootProviders->bootstrap(Object(Illuminate\\Foundation\\Application))
#4 C:\\wamp64\\www\\VendeurExpress\\vendor\\laravel\\framework\\src\\Illuminate\\Foundation\\Console\\Kernel.php(310): Illuminate\\Foundation\\Application->bootstrapWith(Array)
#5 C:\\wamp64\\www\\VendeurExpress\\vendor\\laravel\\framework\\src\\Illuminate\\Foundation\\Console\\Kernel.php(127): Illuminate\\Foundation\\Console\\Kernel->bootstrap()
#6 Command line code(1): Illuminate\\Foundation\\Console\\Kernel->handle(Object(Symfony\\Component\\Console\\Input\\ArgvInput), Object(Symfony\\Component\\Console\\Output\\ConsoleOutput))
#7 {main}
"} 
[2022-06-20 10:20:37] local.ERROR: syntax error, unexpected token "<<", expecting ")" {"exception":"[object] (ParseError(code: 0): syntax error, unexpected token \"<<\", expecting \")\" at C:\\wamp64\\www\\VendeurExpress\\bootstrap\\cache\outes-v7.php:27)
[stacktrace]
#0 C:\\wamp64\\www\\VendeurExpress\\vendor\\laravel\\framework\\src\\Illuminate\\Foundation\\Application.php(971): Illuminate\\Foundation\\Support\\Providers\\RouteServiceProvider->Illuminate\\Foundation\\Support\\Providers\\{closure}(Object(Illuminate\\Foundation\\Application))
#1 C:\\wamp64\\www\\VendeurExpress\\vendor\\laravel\\framework\\src\\Illuminate\\Foundation\\Application.php(914): Illuminate\\Foundation\\Application->fireAppCallbacks(Array)
#2 C:\\wamp64\\www\\VendeurExpress\\vendor\\laravel\\framework\\src\\Illuminate\\Foundation\\Bootstrap\\BootProviders.php(17): Illuminate\\Foundation\\Application->boot()
#3 C:\\wamp64\\www\\VendeurExpress\\vendor\\laravel\\framework\\src\\Illuminate\\Foundation\\Application.php(239): Illuminate\\Foundation\\Bootstrap\\BootProviders->bootstrap(Object(Illuminate\\Foundation\\Application))
#4 C:\\wamp64\\www\\VendeurExpress\\vendor\\laravel\\framework\\src\\Illuminate\\Foundation\\Console\\Kernel.php(310): Illuminate\\Foundation\\Application->bootstrapWith(Array)
#5 C:\\wamp64\\www\\VendeurExpress\\vendor\\laravel\\framework\\src\\Illuminate\\Foundation\\Console\\Kernel.php(127): Illuminate\\Foundation\\Console\\Kernel->bootstrap()
#6 Command line code(1): Illuminate\\Foundation\\Console\\Kernel->handle(Object(Symfony\\Component\\Console\\Input\\ArgvInput), Object(Symfony\\Component\\Console\\Output\\ConsoleOutput))
#7 {main}
"} 
[2022-06-20 10:21:02] local.ERROR: syntax error, unexpected token "<<", expecting ")" {"exception":"[object] (ParseError(code: 0): syntax error, unexpected token \"<<\", expecting \")\" at C:\\wamp64\\www\\VendeurExpress\\bootstrap\\cache\outes-v7.php:27)
[stacktrace]
#0 C:\\wamp64\\www\\VendeurExpress\\vendor\\laravel\\framework\\src\\Illuminate\\Foundation\\Application.php(971): Illuminate\\Foundation\\Support\\Providers\\RouteServiceProvider->Illuminate\\Foundation\\Support\\Providers\\{closure}(Object(Illuminate\\Foundation\\Application))
#1 C:\\wamp64\\www\\VendeurExpress\\vendor\\laravel\\framework\\src\\Illuminate\\Foundation\\Application.php(914): Illuminate\\Foundation\\Application->fireAppCallbacks(Array)
#2 C:\\wamp64\\www\\VendeurExpress\\vendor\\laravel\\framework\\src\\Illuminate\\Foundation\\Bootstrap\\BootProviders.php(17): Illuminate\\Foundation\\Application->boot()
#3 C:\\wamp64\\www\\VendeurExpress\\vendor\\laravel\\framework\\src\\Illuminate\\Foundation\\Application.php(239): Illuminate\\Foundation\\Bootstrap\\BootProviders->bootstrap(Object(Illuminate\\Foundation\\Application))
#4 C:\\wamp64\\www\\VendeurExpress\\vendor\\laravel\\framework\\src\\Illuminate\\Foundation\\Console\\Kernel.php(310): Illuminate\\Foundation\\Application->bootstrapWith(Array)
#5 C:\\wamp64\\www\\VendeurExpress\\vendor\\laravel\\framework\\src\\Illuminate\\Foundation\\Console\\Kernel.php(127): Illuminate\\Foundation\\Console\\Kernel->bootstrap()
#6 C:\\wamp64\\www\\VendeurExpress\\artisan(37): Illuminate\\Foundation\\Console\\Kernel->handle(Object(Symfony\\Component\\Console\\Input\\ArgvInput), Object(Symfony\\Component\\Console\\Output\\ConsoleOutput))
#7 {main}
"} 
